Determining if the pthread_create exist failed with the following output:
Change Dir: /home/jhnavasb/mybot_ws/build/mybot_description/CMakeFiles/CMakeTmp

Run Build Command:"/usr/bin/make" "cmTC_f3c2b/fast"
/usr/bin/make -f CMakeFiles/cmTC_f3c2b.dir/build.make CMakeFiles/cmTC_f3c2b.dir/build
make[1]: Entering directory '/home/jhnavasb/mybot_ws/build/mybot_description/CMakeFiles/CMakeTmp'
Building C object CMakeFiles/cmTC_f3c2b.dir/CheckSymbolExists.c.o
/usr/bin/cc     -o CMakeFiles/cmTC_f3c2b.dir/CheckSymbolExists.c.o   -c /home/jhnavasb/mybot_ws/build/mybot_description/CMakeFiles/CMakeTmp/CheckSymbolExists.c
Linking C executable cmTC_f3c2b
/usr/bin/cmake -E cmake_link_script CMakeFiles/cmTC_f3c2b.dir/link.txt --verbose=1
/usr/bin/cc       CMakeFiles/cmTC_f3c2b.dir/CheckSymbolExists.c.o  -o cmTC_f3c2b -rdynamic 
CMakeFiles/cmTC_f3c2b.dir/CheckSymbolExists.c.o: In function `main':
CheckSymbolExists.c:(.text+0x16): undefined reference to `pthread_create'
collect2: error: ld returned 1 exit status
CMakeFiles/cmTC_f3c2b.dir/build.make:97: recipe for target 'cmTC_f3c2b' failed
make[1]: *** [cmTC_f3c2b] Error 1
make[1]: Leaving directory '/home/jhnavasb/mybot_ws/build/mybot_description/CMakeFiles/CMakeTmp'
Makefile:126: recipe for target 'cmTC_f3c2b/fast' failed
make: *** [cmTC_f3c2b/fast] Error 2

File /home/jhnavasb/mybot_ws/build/mybot_description/CMakeFiles/CMakeTmp/CheckSymbolExists.c:
/* */
#include <pthread.h>

int main(int argc, char** argv)
{
  (void)argv;
#ifndef pthread_create
  return ((int*)(&pthread_create))[argc];
#else
  (void)argc;
  return 0;
#endif
}

Determining if the function pthread_create exists in the pthreads failed with the following output:
Change Dir: /home/jhnavasb/mybot_ws/build/mybot_description/CMakeFiles/CMakeTmp

Run Build Command:"/usr/bin/make" "cmTC_e3702/fast"
/usr/bin/make -f CMakeFiles/cmTC_e3702.dir/build.make CMakeFiles/cmTC_e3702.dir/build
make[1]: Entering directory '/home/jhnavasb/mybot_ws/build/mybot_description/CMakeFiles/CMakeTmp'
Building C object CMakeFiles/cmTC_e3702.dir/CheckFunctionExists.c.o
/usr/bin/cc    -DCHECK_FUNCTION_EXISTS=pthread_create   -o CMakeFiles/cmTC_e3702.dir/CheckFunctionExists.c.o   -c /usr/share/cmake-3.5/Modules/CheckFunctionExists.c
Linking C executable cmTC_e3702
/usr/bin/cmake -E cmake_link_script CMakeFiles/cmTC_e3702.dir/link.txt --verbose=1
/usr/bin/cc   -DCHECK_FUNCTION_EXISTS=pthread_create    CMakeFiles/cmTC_e3702.dir/CheckFunctionExists.c.o  -o cmTC_e3702 -rdynamic -lpthreads 
/usr/bin/ld: cannot find -lpthreads
collect2: error: ld returned 1 exit status
CMakeFiles/cmTC_e3702.dir/build.make:97: recipe for target 'cmTC_e3702' failed
make[1]: *** [cmTC_e3702] Error 1
make[1]: Leaving directory '/home/jhnavasb/mybot_ws/build/mybot_description/CMakeFiles/CMakeTmp'
Makefile:126: recipe for target 'cmTC_e3702/fast' failed
make: *** [cmTC_e3702/fast] Error 2


